Drone ID: 1 Heuristic: 2.82843
Drone ID: 0 Heuristic: 4.24264
0
i: 2 j: 2
visit 2,3
visit 2,1
visit 3,2
visit 1,2
i: 2 j: 3
visit 2,4
visit 3,3
visit 1,3
i: 2 j: 1
visit 2,0
visit 3,1
visit 1,1
i: 3 j: 2
visit 4,2
i: 1 j: 2
visit 0,2
i: 2 j: 4
visit 3,4
visit 1,4
i: 3 j: 3
visit 4,3
i: 1 j: 3
visit 0,3
i: 2 j: 0
visit 3,0
visit 1,0
i: 3 j: 1
visit 4,1
i: 1 j: 1
visit 0,1
i: 4 j: 2
i: 0 j: 2
i: 3 j: 4
visit 4,4
i: 1 j: 4
visit 0,4
i: 4 j: 3
i: 0 j: 3
i: 3 j: 0
visit 4,0
i: 1 j: 0
visit 0,0
i: 4 j: 1
i: 0 j: 1
i:4 , j:4 i:3 , j:4 i:2 , j:4 i:2 , j:3 i: 1 j: 1
visit 1,2
visit 1,0
visit 2,1
visit 0,1
i: 1 j: 2
visit 1,3
visit 2,2
visit 0,2
i: 1 j: 0
visit 2,0
visit 0,0
i: 2 j: 1
visit 3,1
i: 0 j: 1
i: 1 j: 3
visit 1,4
visit 0,3
i: 2 j: 2
visit 3,2
i: 0 j: 2
i: 2 j: 0
visit 3,0
i: 0 j: 0
i: 3 j: 1
visit 4,1
i: 1 j: 4
visit 0,4
i: 1 j: 3
i: 0 j: 3
i: 2 j: 2
i: 3 j: 2
visit 3,3
visit 4,2
i: 3 j: 0
visit 4,0
i: 4 j: 1
i: 1 j: 4
visit 2,4
i: 0 j: 4
i: 1 j: 3
visit 2,3
i: 2 j: 2
i: 3 j: 3
visit 3,4
visit 4,3
i: 4 j: 2
i: 4 j: 0
i: 2 j: 4
i: 2 j: 3
i: 3 j: 4
visit 4,4
i: 4 j: 3
i:4 , j:4 i:3 , j:4 i:3 , j:3 i:3 , j:2 i:2 , j:2 i:1 , j:2 t_max: 6




Drone 1: 

S0 ## ## ## ## 
## ## S0 ## ## 
## ## S0 11 S1 
## ## S0 S0 S1 
## ## ## ## S1 

flight time: 0

## ## ## ## ## 
## ## S0 ## ## 
## ## S0 S1 11 
## ## S0 S0 S1 
## ## ## ## S1 

flight time: 1

## ## ## ## ## 
## ## S0 ## ## 
## ## S0 S1 S1 
## ## S0 S0 11 
## ## ## ## S1 

flight time: 2

## ## ## ## ## 
## ## S0 ## ## 
## ## S0 S1 S1 
## ## S0 S0 S1 
## ## ## ## 11 

flight time: 3




Drone 0: 

S0 ## ## ## ## 
## ## 00 ## ## 
## ## S0 S1 S1 
## ## S0 S0 S1 
## ## ## ## S1 

flight time: 0

## ## ## ## ## 
## ## S0 ## ## 
## ## 00 S1 S1 
## ## S0 S0 S1 
## ## ## ## S1 

flight time: 1

## ## ## ## ## 
## ## S0 ## ## 
## ## S0 S1 S1 
## ## 00 S0 S1 
## ## ## ## S1 

flight time: 2

## ## ## ## ## 
## ## S0 ## ## 
## ## S0 S1 S1 
## ## S0 00 S1 
## ## ## ## S1 

flight time: 3

## ## ## ## ## 
## ## S0 ## ## 
## ## S0 S1 S1 
## ## S0 S0 00 
## ## ## ## S1 

flight time: 4

## ## ## ## ## 
## ## S0 ## ## 
## ## S0 ## ## 
## ## S0 S0 S0 
## ## ## ## 00 

flight time: 5










